<?xml version="1.0" encoding="UTF-8"?>
<testng-results total="3" passed="3" failed="0" skipped="0">
  <reporter-output>
  </reporter-output>
  <suite started-at="2020-08-26T18:20:44Z" name="Default suite" finished-at="2020-08-26T18:21:12Z" duration-ms="27214">
    <groups>
      <group name="regression">
        <method signature="ZigTest.f()[pri:0, instance:run.ZigTest@548a102f]" name="f" class="run.ZigTest"/>
        <method signature="ZigTest.second()[pri:0, instance:run.ZigTest@548a102f]" name="second" class="run.ZigTest"/>
      </group> <!-- regression -->
      <group name="smoke">
        <method signature="ZigTest.f()[pri:0, instance:run.ZigTest@548a102f]" name="f" class="run.ZigTest"/>
        <method signature="ZigTest.third()[pri:0, instance:run.ZigTest@548a102f]" name="third" class="run.ZigTest"/>
      </group> <!-- smoke -->
    </groups>
    <test started-at="2020-08-26T18:20:44Z" name="Default test" finished-at="2020-08-26T18:21:12Z" duration-ms="27214">
      <class name="run.ZigTest">
        <test-method is-config="true" signature="beforeClass()[pri:0, instance:run.ZigTest@548a102f]" started-at="2020-08-26T23:50:44Z" name="beforeClass" finished-at="2020-08-26T23:50:49Z" duration-ms="4136" status="PASS">
          <reporter-output>
          </reporter-output>
        </test-method> <!-- beforeClass -->
        <test-method signature="f()[pri:0, instance:run.ZigTest@548a102f]" started-at="2020-08-26T23:50:49Z" name="f" finished-at="2020-08-26T23:51:01Z" duration-ms="12490" status="PASS">
          <reporter-output>
          </reporter-output>
        </test-method> <!-- f -->
        <test-method signature="second()[pri:0, instance:run.ZigTest@548a102f]" started-at="2020-08-26T23:51:01Z" name="second" finished-at="2020-08-26T23:51:08Z" duration-ms="6576" status="PASS">
          <reporter-output>
          </reporter-output>
        </test-method> <!-- second -->
        <test-method signature="third()[pri:0, instance:run.ZigTest@548a102f]" started-at="2020-08-26T23:51:08Z" name="third" finished-at="2020-08-26T23:51:10Z" duration-ms="2605" status="PASS">
          <reporter-output>
          </reporter-output>
        </test-method> <!-- third -->
        <test-method is-config="true" signature="afterClass()[pri:0, instance:run.ZigTest@548a102f]" started-at="2020-08-26T23:51:10Z" name="afterClass" finished-at="2020-08-26T23:51:12Z" duration-ms="1393" status="PASS">
          <reporter-output>
          </reporter-output>
        </test-method> <!-- afterClass -->
      </class> <!-- run.ZigTest -->
    </test> <!-- Default test -->
  </suite> <!-- Default suite -->
</testng-results>
